<?xml version="1.0" encoding="UTF-8"?>
<testng-results skipped="0" failed="0" ignored="0" total="1" passed="1">
  <reporter-output>
  </reporter-output>
  <suite name="EmailSending.Test1" duration-ms="129082" started-at="2022-05-13T12:55:38 IST" finished-at="2022-05-13T12:57:47 IST">
    <groups>
    </groups>
    <test name="Command line test" duration-ms="129082" started-at="2022-05-13T12:55:38 IST" finished-at="2022-05-13T12:57:47 IST">
      <class name="EmailSending.Test1">
        <test-method status="PASS" signature="emailSend()[pri:0, instance:EmailSending.Test1@50b494a6]" name="emailSend" duration-ms="128791" started-at="2022-05-13T12:55:38 IST" finished-at="2022-05-13T12:57:47 IST">
          <reporter-output>
          </reporter-output>
        </test-method> <!-- emailSend -->
      </class> <!-- EmailSending.Test1 -->
    </test> <!-- Command line test -->
  </suite> <!-- EmailSending.Test1 -->
</testng-results>
