<?xml version="1.0" encoding="UTF-8"?>
<testng-results skipped="0" failed="0" ignored="0" total="1" passed="1">
  <reporter-output>
  </reporter-output>
  <suite name="EmailSending.Test1" duration-ms="270767" started-at="2022-05-16T19:25:21 IST" finished-at="2022-05-16T19:29:52 IST">
    <groups>
    </groups>
    <test name="Command line test" duration-ms="270767" started-at="2022-05-16T19:25:21 IST" finished-at="2022-05-16T19:29:52 IST">
      <class name="EmailSending.Test1">
        <test-method status="PASS" signature="launchBrowser()[pri:0, instance:EmailSending.Test1@1f28c152]" name="launchBrowser" is-config="true" duration-ms="24102" started-at="2022-05-16T19:25:21 IST" finished-at="2022-05-16T19:25:45 IST">
          <reporter-output>
          </reporter-output>
        </test-method> <!-- launchBrowser -->
        <test-method status="PASS" signature="emailSend()[pri:0, instance:EmailSending.Test1@1f28c152]" name="emailSend" duration-ms="229581" started-at="2022-05-16T19:25:45 IST" finished-at="2022-05-16T19:29:35 IST">
          <reporter-output>
          </reporter-output>
        </test-method> <!-- emailSend -->
        <test-method status="PASS" signature="closeDriver()[pri:0, instance:EmailSending.Test1@1f28c152]" name="closeDriver" is-config="true" duration-ms="16020" started-at="2022-05-16T19:29:36 IST" finished-at="2022-05-16T19:29:52 IST">
          <reporter-output>
          </reporter-output>
        </test-method> <!-- closeDriver -->
      </class> <!-- EmailSending.Test1 -->
    </test> <!-- Command line test -->
  </suite> <!-- EmailSending.Test1 -->
</testng-results>
